🧪 Baseline-Check Bracket 21-30: 7 Referenz-Charaktere x 14 Monster x 3000 Runs


=== Level 21 (Bracket-Einstieg, 100 Pkt, T1-Reste, 0 Slots) ===
  HP=215 Mana=190 Schild=70 Angriff=25-25 Rüstung=6 Ausweichen=11
  vs [NAT] Orc-Plünderer                (HP 280, ATK  62): Winrate   0.0%  Tod 100.0%  Ø Runden 8.6
  vs [NAT] Nachtklingen-Assassine       (HP 154, ATK  50): Winrate   0.0%  Tod 100.0%  Ø Runden 9.1
  vs [NAT] Nekromanten-Lehrling         (HP 182, ATK  31): Winrate   1.5%  Tod 98.5%  Ø Runden 9.4
  vs [NAT] Klauenpanther                (HP 238, ATK  78): Winrate   0.0%  Tod 100.0%  Ø Runden 5.3
  vs [NAT] Steinriese                   (HP 644, ATK  81): Winrate   0.0%  Tod 100.0%  Ø Runden 6.8
  vs [NAT] Orc-Kriegshäuptling          (HP 756, ATK  84): Winrate   0.0%  Tod 100.0%  Ø Runden 5.5
  vs [NAT] Blutmoor-Schrecken           (HP 728, ATK  74): Winrate   0.0%  Tod 100.0%  Ø Runden 5.8
  vs [VET] Sumpfhexe (Veteran)          (HP 181, ATK   1): Winrate  60.4%  Tod 39.6%  Ø Runden 21.3
  vs [VET] Schattenläufer (Veteran)     (HP 154, ATK  25): Winrate  16.5%  Tod 83.5%  Ø Runden 29.7
  vs [VET] Goblin-Plünderer (Veteran)   (HP 280, ATK  42): Winrate   0.1%  Tod 99.9%  Ø Runden 14.9
  vs [VET] Klingenspinne (Veteran)      (HP 238, ATK  42): Winrate   0.0%  Tod 100.0%  Ø Runden 12.0
  vs [VET] Höhlentroll (Veteran)        (HP 644, ATK  40): Winrate   0.0%  Tod 100.0%  Ø Runden 19.0
  vs [VET] Trollwächter (Veteran)       (HP 756, ATK  79): Winrate   0.0%  Tod 100.0%  Ø Runden 7.1
  vs [VET] Wurzelschrecken (Veteran)    (HP 729, ATK 107): Winrate   0.0%  Tod 100.0%  Ø Runden 5.9

=== Level 22 (108 Pkt, T1-Gear, 1 Slot) ===
  HP=218 Mana=195 Schild=72 Angriff=22-27 Rüstung=6 Ausweichen=11
  vs [NAT] Orc-Plünderer                (HP 280, ATK  62): Winrate   0.0%  Tod 100.0%  Ø Runden 8.7
  vs [NAT] Nachtklingen-Assassine       (HP 154, ATK  50): Winrate   0.0%  Tod 100.0%  Ø Runden 9.2
  vs [NAT] Nekromanten-Lehrling         (HP 182, ATK  31): Winrate   2.1%  Tod 97.9%  Ø Runden 9.5
  vs [NAT] Klauenpanther                (HP 238, ATK  78): Winrate   0.0%  Tod 100.0%  Ø Runden 5.4
  vs [NAT] Steinriese                   (HP 644, ATK  81): Winrate   0.0%  Tod 100.0%  Ø Runden 7.0
  vs [NAT] Orc-Kriegshäuptling          (HP 756, ATK  84): Winrate   0.0%  Tod 100.0%  Ø Runden 5.6
  vs [NAT] Blutmoor-Schrecken           (HP 728, ATK  74): Winrate   0.0%  Tod 100.0%  Ø Runden 5.9
  vs [VET] Sumpfhexe (Veteran)          (HP 181, ATK   1): Winrate  62.7%  Tod 37.3%  Ø Runden 21.3
  vs [VET] Schattenläufer (Veteran)     (HP 154, ATK  25): Winrate  18.5%  Tod 81.5%  Ø Runden 30.0
  vs [VET] Goblin-Plünderer (Veteran)   (HP 280, ATK  42): Winrate   0.4%  Tod 99.6%  Ø Runden 15.2
  vs [VET] Klingenspinne (Veteran)      (HP 238, ATK  42): Winrate   0.1%  Tod 99.9%  Ø Runden 12.2
  vs [VET] Höhlentroll (Veteran)        (HP 644, ATK  40): Winrate   0.0%  Tod 100.0%  Ø Runden 19.3
  vs [VET] Trollwächter (Veteran)       (HP 756, ATK  79): Winrate   0.0%  Tod 100.0%  Ø Runden 7.3
  vs [VET] Wurzelschrecken (Veteran)    (HP 729, ATK 107): Winrate   0.0%  Tod 100.0%  Ø Runden 6.0

=== Level 24 (T2-Gear, 3 Slots) ===
  HP=224 Mana=275 Schild=158 Angriff=32-40 Rüstung=11 Ausweichen=11
  vs [NAT] Orc-Plünderer                (HP 280, ATK  62): Winrate   1.6%  Tod 98.4%  Ø Runden 11.3
  vs [NAT] Nachtklingen-Assassine       (HP 154, ATK  50): Winrate   3.7%  Tod 96.3%  Ø Runden 11.9
  vs [NAT] Nekromanten-Lehrling         (HP 182, ATK  31): Winrate  33.4%  Tod 66.6%  Ø Runden 12.3
  vs [NAT] Klauenpanther                (HP 238, ATK  78): Winrate   0.2%  Tod 99.8%  Ø Runden 7.2
  vs [NAT] Steinriese                   (HP 644, ATK  81): Winrate   0.0%  Tod 100.0%  Ø Runden 9.2
  vs [NAT] Orc-Kriegshäuptling          (HP 756, ATK  84): Winrate   0.0%  Tod 100.0%  Ø Runden 8.0
  vs [NAT] Blutmoor-Schrecken           (HP 728, ATK  74): Winrate   0.0%  Tod 100.0%  Ø Runden 8.3
  vs [VET] Sumpfhexe (Veteran)          (HP 181, ATK   1): Winrate  96.3%  Tod  3.7%  Ø Runden 17.9
  vs [VET] Schattenläufer (Veteran)     (HP 154, ATK  25): Winrate  77.0%  Tod 23.0%  Ø Runden 30.4
  vs [VET] Goblin-Plünderer (Veteran)   (HP 280, ATK  42): Winrate  25.9%  Tod 74.1%  Ø Runden 19.3
  vs [VET] Klingenspinne (Veteran)      (HP 238, ATK  42): Winrate  14.2%  Tod 85.8%  Ø Runden 15.7
  vs [VET] Höhlentroll (Veteran)        (HP 644, ATK  40): Winrate   1.1%  Tod 98.9%  Ø Runden 26.0
  vs [VET] Trollwächter (Veteran)       (HP 756, ATK  79): Winrate   0.0%  Tod 100.0%  Ø Runden 9.9
  vs [VET] Wurzelschrecken (Veteran)    (HP 729, ATK 107): Winrate   0.0%  Tod 100.0%  Ø Runden 8.0

=== Level 25 (T2-Gear, 4 Slots) ===
  HP=230 Mana=305 Schild=190 Angriff=32-40 Rüstung=13 Ausweichen=11
  vs [NAT] Orc-Plünderer                (HP 280, ATK  62): Winrate   3.4%  Tod 96.6%  Ø Runden 12.7
  vs [NAT] Nachtklingen-Assassine       (HP 154, ATK  50): Winrate   6.1%  Tod 93.9%  Ø Runden 13.3
  vs [NAT] Nekromanten-Lehrling         (HP 182, ATK  31): Winrate  56.7%  Tod 43.3%  Ø Runden 14.6
  vs [NAT] Klauenpanther                (HP 238, ATK  78): Winrate   0.3%  Tod 99.7%  Ø Runden 7.8
  vs [NAT] Steinriese                   (HP 644, ATK  81): Winrate   0.0%  Tod 100.0%  Ø Runden 10.2
  vs [NAT] Orc-Kriegshäuptling          (HP 756, ATK  84): Winrate   0.0%  Tod 100.0%  Ø Runden 9.5
  vs [NAT] Blutmoor-Schrecken           (HP 728, ATK  74): Winrate   0.0%  Tod 100.0%  Ø Runden 10.1
  vs [VET] Sumpfhexe (Veteran)          (HP 181, ATK   1): Winrate  99.9%  Tod  0.1%  Ø Runden 18.2
  vs [VET] Schattenläufer (Veteran)     (HP 154, ATK  25): Winrate  90.4%  Tod  9.6%  Ø Runden 32.6
  vs [VET] Goblin-Plünderer (Veteran)   (HP 280, ATK  42): Winrate  39.1%  Tod 60.9%  Ø Runden 21.3
  vs [VET] Klingenspinne (Veteran)      (HP 238, ATK  42): Winrate  22.7%  Tod 77.3%  Ø Runden 17.5
  vs [VET] Höhlentroll (Veteran)        (HP 644, ATK  40): Winrate   2.9%  Tod 97.1%  Ø Runden 30.4
  vs [VET] Trollwächter (Veteran)       (HP 756, ATK  79): Winrate   0.0%  Tod 100.0%  Ø Runden 12.0
  vs [VET] Wurzelschrecken (Veteran)    (HP 729, ATK 107): Winrate   0.0%  Tod 100.0%  Ø Runden 9.5

=== Level 27 (T2/T3-Mix, 5 Slots) ===
  HP=236 Mana=450 Schild=354 Angriff=45-55 Rüstung=24 Ausweichen=11
  vs [NAT] Orc-Plünderer                (HP 280, ATK  62): Winrate  52.7%  Tod 47.3%  Ø Runden 16.0
  vs [NAT] Nachtklingen-Assassine       (HP 154, ATK  50): Winrate  36.8%  Tod 63.2%  Ø Runden 17.2
  vs [NAT] Nekromanten-Lehrling         (HP 182, ATK  31): Winrate 100.0%  Tod  0.0%  Ø Runden 12.8
  vs [NAT] Klauenpanther                (HP 238, ATK  78): Winrate  16.0%  Tod 84.0%  Ø Runden 11.0
  vs [NAT] Steinriese                   (HP 644, ATK  81): Winrate   0.1%  Tod 99.9%  Ø Runden 14.6
  vs [NAT] Orc-Kriegshäuptling          (HP 756, ATK  84): Winrate   0.0%  Tod 100.0%  Ø Runden 17.2
  vs [NAT] Blutmoor-Schrecken           (HP 728, ATK  74): Winrate   0.0%  Tod 100.0%  Ø Runden 18.7
  vs [VET] Sumpfhexe (Veteran)          (HP 181, ATK   1): Winrate 100.0%  Tod  0.0%  Ø Runden 12.7
  vs [VET] Schattenläufer (Veteran)     (HP 154, ATK  25): Winrate  99.9%  Tod  0.1%  Ø Runden 25.9
  vs [VET] Goblin-Plünderer (Veteran)   (HP 280, ATK  42): Winrate  94.5%  Tod  5.5%  Ø Runden 19.4
  vs [VET] Klingenspinne (Veteran)      (HP 238, ATK  42): Winrate  82.8%  Tod 17.2%  Ø Runden 18.1
  vs [VET] Höhlentroll (Veteran)        (HP 644, ATK  40): Winrate  68.8%  Tod 31.2%  Ø Runden 37.3
  vs [VET] Trollwächter (Veteran)       (HP 756, ATK  79): Winrate   0.0%  Tod 100.0%  Ø Runden 20.9
  vs [VET] Wurzelschrecken (Veteran)    (HP 729, ATK 107): Winrate   0.0%  Tod 100.0%  Ø Runden 15.9

=== Level 29 (T3-Gear, 7 Slots) ===
  HP=287 Mana=520 Schild=430 Angriff=48-58 Rüstung=67 Ausweichen=11
  vs [NAT] Orc-Plünderer                (HP 280, ATK  62): Winrate  99.7%  Tod  0.3%  Ø Runden 18.4
  vs [NAT] Nachtklingen-Assassine       (HP 154, ATK  50): Winrate  97.8%  Tod  2.2%  Ø Runden 23.4
  vs [NAT] Nekromanten-Lehrling         (HP 182, ATK  31): Winrate 100.0%  Tod  0.0%  Ø Runden 12.3
  vs [NAT] Klauenpanther                (HP 238, ATK  78): Winrate  69.2%  Tod 30.8%  Ø Runden 16.0
  vs [NAT] Steinriese                   (HP 644, ATK  81): Winrate  28.7%  Tod 71.3%  Ø Runden 28.8
  vs [NAT] Orc-Kriegshäuptling          (HP 756, ATK  84): Winrate  44.9%  Tod 55.1%  Ø Runden 47.7
  vs [NAT] Blutmoor-Schrecken           (HP 728, ATK  74): Winrate  68.2%  Tod 31.4%  Ø Runden 57.7
  vs [VET] Sumpfhexe (Veteran)          (HP 181, ATK   1): Winrate 100.0%  Tod  0.0%  Ø Runden 12.3
  vs [VET] Schattenläufer (Veteran)     (HP 154, ATK  25): Winrate 100.0%  Tod  0.0%  Ø Runden 23.4
  vs [VET] Goblin-Plünderer (Veteran)   (HP 280, ATK  42): Winrate 100.0%  Tod  0.0%  Ø Runden 18.7
  vs [VET] Klingenspinne (Veteran)      (HP 238, ATK  42): Winrate 100.0%  Tod  0.0%  Ø Runden 18.0
  vs [VET] Höhlentroll (Veteran)        (HP 644, ATK  40): Winrate 100.0%  Tod  0.0%  Ø Runden 37.7
  vs [VET] Trollwächter (Veteran)       (HP 756, ATK  79): Winrate  77.7%  Tod 22.1%  Ø Runden 54.5
  vs [VET] Wurzelschrecken (Veteran)    (HP 729, ATK 107): Winrate  16.8%  Tod 83.2%  Ø Runden 35.5

=== Level 30 (Bracket-Ende, 145 Pkt, volles T3-Gear) ===
  HP=299 Mana=545 Schild=440 Angriff=50-60 Rüstung=89 Ausweichen=14
  vs [NAT] Orc-Plünderer                (HP 280, ATK  62): Winrate 100.0%  Tod  0.0%  Ø Runden 16.0
  vs [NAT] Nachtklingen-Assassine       (HP 154, ATK  50): Winrate 100.0%  Tod  0.0%  Ø Runden 18.0
  vs [NAT] Nekromanten-Lehrling         (HP 182, ATK  31): Winrate 100.0%  Tod  0.0%  Ø Runden 10.8
  vs [NAT] Klauenpanther                (HP 238, ATK  78): Winrate  96.3%  Tod  3.7%  Ø Runden 14.9
  vs [NAT] Steinriese                   (HP 644, ATK  81): Winrate  97.1%  Tod  2.9%  Ø Runden 31.6
  vs [NAT] Orc-Kriegshäuptling          (HP 756, ATK  84): Winrate  98.6%  Tod  1.4%  Ø Runden 48.2
  vs [NAT] Blutmoor-Schrecken           (HP 728, ATK  74): Winrate  99.9%  Tod  0.1%  Ø Runden 53.0
  vs [VET] Sumpfhexe (Veteran)          (HP 181, ATK   1): Winrate 100.0%  Tod  0.0%  Ø Runden 10.7
  vs [VET] Schattenläufer (Veteran)     (HP 154, ATK  25): Winrate 100.0%  Tod  0.0%  Ø Runden 18.2
  vs [VET] Goblin-Plünderer (Veteran)   (HP 280, ATK  42): Winrate 100.0%  Tod  0.0%  Ø Runden 15.9
  vs [VET] Klingenspinne (Veteran)      (HP 238, ATK  42): Winrate 100.0%  Tod  0.0%  Ø Runden 15.5
  vs [VET] Höhlentroll (Veteran)        (HP 644, ATK  40): Winrate 100.0%  Tod  0.0%  Ø Runden 32.1
  vs [VET] Trollwächter (Veteran)       (HP 756, ATK  79): Winrate  99.8%  Tod  0.2%  Ø Runden 48.3
  vs [VET] Wurzelschrecken (Veteran)    (HP 729, ATK 107): Winrate  81.6%  Tod 18.4%  Ø Runden 43.4

💾 Gespeichert unter: scripts\output\fight-tool-baseline-report-21-30.json
