🧪 Baseline-Check Bracket 31-40: 7 Referenz-Charaktere x 14 Monster x 3000 Runs


=== Level 31 (Bracket-Einstieg, 150 Pkt, T2-Reste, 0 Slots) ===
  HP=251 Mana=250 Schild=94 Angriff=25-25 Rüstung=6 Ausweichen=11
  vs [NAT] Untoter Legionär             (HP  420, ATK 116): Winrate   0.0%  Tod 100.0%  Ø Runden 4.2
  vs [NAT] Geisterklinge                (HP  231, ATK  93): Winrate   0.0%  Tod 100.0%  Ø Runden 5.1
  vs [NAT] Verfluchter Magier           (HP  273, ATK  58): Winrate   0.0%  Tod 100.0%  Ø Runden 5.1
  vs [NAT] Schattenluchs                (HP  357, ATK 145): Winrate   0.0%  Tod 100.0%  Ø Runden 3.3
  vs [NAT] Knochenkoloss                (HP  966, ATK 151): Winrate   0.0%  Tod 100.0%  Ø Runden 3.4
  vs [NAT] Grabmalwächter               (HP 1134, ATK 157): Winrate   0.0%  Tod 100.0%  Ø Runden 3.4
  vs [NAT] Seelenfresser                (HP 1092, ATK 139): Winrate   0.0%  Tod 100.0%  Ø Runden 3.7
  vs [VET] Nachtklingen-Assassine (Veteran) (HP  116, ATK   3): Winrate  61.5%  Tod  0.0%  Ø Runden 81.2
  vs [VET] Klauenpanther (Veteran)      (HP  357, ATK  29): Winrate   0.4%  Tod 99.6%  Ø Runden 36.6
  vs [VET] Orc-Plünderer (Veteran)      (HP  420, ATK  40): Winrate   0.0%  Tod 100.0%  Ø Runden 18.3
  vs [VET] Nekromanten-Lehrling (Veteran) (HP  273, ATK  71): Winrate   0.0%  Tod 100.0%  Ø Runden 7.0
  vs [VET] Steinriese (Veteran)         (HP  966, ATK  41): Winrate   0.0%  Tod 100.0%  Ø Runden 17.8
  vs [VET] Orc-Kriegshäuptling (Veteran) (HP  964, ATK  54): Winrate   0.0%  Tod 100.0%  Ø Runden 8.1
  vs [VET] Blutmoor-Schrecken (Veteran) (HP 1092, ATK 172): Winrate   0.0%  Tod 100.0%  Ø Runden 4.0

=== Level 32 (155 Pkt, T2-Gear, 1 Slot) ===
  HP=254 Mana=260 Schild=98 Angriff=32-40 Rüstung=6 Ausweichen=11
  vs [NAT] Untoter Legionär             (HP  420, ATK 116): Winrate   0.0%  Tod 100.0%  Ø Runden 4.3
  vs [NAT] Geisterklinge                (HP  231, ATK  93): Winrate   0.0%  Tod 100.0%  Ø Runden 5.2
  vs [NAT] Verfluchter Magier           (HP  273, ATK  58): Winrate   0.0%  Tod 100.0%  Ø Runden 5.2
  vs [NAT] Schattenluchs                (HP  357, ATK 145): Winrate   0.0%  Tod 100.0%  Ø Runden 3.4
  vs [NAT] Knochenkoloss                (HP  966, ATK 151): Winrate   0.0%  Tod 100.0%  Ø Runden 3.5
  vs [NAT] Grabmalwächter               (HP 1134, ATK 157): Winrate   0.0%  Tod 100.0%  Ø Runden 3.4
  vs [NAT] Seelenfresser                (HP 1092, ATK 139): Winrate   0.0%  Tod 100.0%  Ø Runden 3.7
  vs [VET] Nachtklingen-Assassine (Veteran) (HP  116, ATK   3): Winrate  81.1%  Tod  0.0%  Ø Runden 65.8
  vs [VET] Klauenpanther (Veteran)      (HP  357, ATK  29): Winrate   9.2%  Tod 90.8%  Ø Runden 36.3
  vs [VET] Orc-Plünderer (Veteran)      (HP  420, ATK  40): Winrate   0.0%  Tod 100.0%  Ø Runden 18.5
  vs [VET] Nekromanten-Lehrling (Veteran) (HP  273, ATK  71): Winrate   0.0%  Tod 100.0%  Ø Runden 7.1
  vs [VET] Steinriese (Veteran)         (HP  966, ATK  41): Winrate   0.0%  Tod 100.0%  Ø Runden 18.0
  vs [VET] Orc-Kriegshäuptling (Veteran) (HP  964, ATK  54): Winrate   0.0%  Tod 100.0%  Ø Runden 8.3
  vs [VET] Blutmoor-Schrecken (Veteran) (HP 1092, ATK 172): Winrate   0.0%  Tod 100.0%  Ø Runden 4.1

=== Level 34 (T3-Gear, 3 Slots) ===
  HP=284 Mana=405 Schild=264 Angriff=48-58 Rüstung=18 Ausweichen=12
  vs [NAT] Untoter Legionär             (HP  420, ATK 116): Winrate   0.0%  Tod 100.0%  Ø Runden 6.8
  vs [NAT] Geisterklinge                (HP  231, ATK  93): Winrate   0.0%  Tod 100.0%  Ø Runden 8.4
  vs [NAT] Verfluchter Magier           (HP  273, ATK  58): Winrate   2.4%  Tod 97.6%  Ø Runden 9.7
  vs [NAT] Schattenluchs                (HP  357, ATK 145): Winrate   0.0%  Tod 100.0%  Ø Runden 5.1
  vs [NAT] Knochenkoloss                (HP  966, ATK 151): Winrate   0.0%  Tod 100.0%  Ø Runden 5.2
  vs [NAT] Grabmalwächter               (HP 1134, ATK 157): Winrate   0.0%  Tod 100.0%  Ø Runden 5.7
  vs [NAT] Seelenfresser                (HP 1092, ATK 139): Winrate   0.0%  Tod 100.0%  Ø Runden 6.3
  vs [VET] Nachtklingen-Assassine (Veteran) (HP  116, ATK   3): Winrate  92.0%  Tod  0.0%  Ø Runden 51.2
  vs [VET] Klauenpanther (Veteran)      (HP  357, ATK  29): Winrate  96.5%  Tod  3.5%  Ø Runden 42.6
  vs [VET] Orc-Plünderer (Veteran)      (HP  420, ATK  40): Winrate  30.3%  Tod 69.7%  Ø Runden 31.6
  vs [VET] Nekromanten-Lehrling (Veteran) (HP  273, ATK  71): Winrate   6.5%  Tod 93.5%  Ø Runden 13.0
  vs [VET] Steinriese (Veteran)         (HP  966, ATK  41): Winrate   0.0%  Tod 100.0%  Ø Runden 32.1
  vs [VET] Orc-Kriegshäuptling (Veteran) (HP  964, ATK  54): Winrate   0.0%  Tod 100.0%  Ø Runden 16.0
  vs [VET] Blutmoor-Schrecken (Veteran) (HP 1092, ATK 172): Winrate   0.0%  Tod 100.0%  Ø Runden 6.9

=== Level 35 (T3-Gear, 4 Slots) ===
  HP=287 Mana=460 Schild=326 Angriff=48-58 Rüstung=22 Ausweichen=12
  vs [NAT] Untoter Legionär             (HP  420, ATK 116): Winrate   0.0%  Tod 100.0%  Ø Runden 7.7
  vs [NAT] Geisterklinge                (HP  231, ATK  93): Winrate   0.0%  Tod 100.0%  Ø Runden 9.4
  vs [NAT] Verfluchter Magier           (HP  273, ATK  58): Winrate   5.0%  Tod 95.0%  Ø Runden 12.2
  vs [NAT] Schattenluchs                (HP  357, ATK 145): Winrate   0.0%  Tod 100.0%  Ø Runden 5.7
  vs [NAT] Knochenkoloss                (HP  966, ATK 151): Winrate   0.0%  Tod 100.0%  Ø Runden 5.8
  vs [NAT] Grabmalwächter               (HP 1134, ATK 157): Winrate   0.0%  Tod 100.0%  Ø Runden 7.0
  vs [NAT] Seelenfresser                (HP 1092, ATK 139): Winrate   0.0%  Tod 100.0%  Ø Runden 7.6
  vs [VET] Nachtklingen-Assassine (Veteran) (HP  116, ATK   3): Winrate  91.2%  Tod  0.0%  Ø Runden 51.4
  vs [VET] Klauenpanther (Veteran)      (HP  357, ATK  29): Winrate  98.2%  Tod  1.6%  Ø Runden 43.6
  vs [VET] Orc-Plünderer (Veteran)      (HP  420, ATK  40): Winrate  43.6%  Tod 56.4%  Ø Runden 34.3
  vs [VET] Nekromanten-Lehrling (Veteran) (HP  273, ATK  71): Winrate  14.7%  Tod 85.3%  Ø Runden 16.1
  vs [VET] Steinriese (Veteran)         (HP  966, ATK  41): Winrate   0.1%  Tod 99.9%  Ø Runden 36.1
  vs [VET] Orc-Kriegshäuptling (Veteran) (HP  964, ATK  54): Winrate   0.0%  Tod 100.0%  Ø Runden 20.6
  vs [VET] Blutmoor-Schrecken (Veteran) (HP 1092, ATK 172): Winrate   0.0%  Tod 100.0%  Ø Runden 8.1

=== Level 37 (T3/T4-Mix, 5 Slots) ===
  HP=297 Mana=680 Schild=581 Angriff=60-75 Rüstung=38 Ausweichen=12
  vs [NAT] Untoter Legionär             (HP  420, ATK 116): Winrate   1.2%  Tod 98.8%  Ø Runden 11.7
  vs [NAT] Geisterklinge                (HP  231, ATK  93): Winrate   0.7%  Tod 99.3%  Ø Runden 14.2
  vs [NAT] Verfluchter Magier           (HP  273, ATK  58): Winrate  85.3%  Tod 14.7%  Ø Runden 21.8
  vs [NAT] Schattenluchs                (HP  357, ATK 145): Winrate   0.4%  Tod 99.6%  Ø Runden 8.6
  vs [NAT] Knochenkoloss                (HP  966, ATK 151): Winrate   0.0%  Tod 100.0%  Ø Runden 9.0
  vs [NAT] Grabmalwächter               (HP 1134, ATK 157): Winrate   0.0%  Tod 100.0%  Ø Runden 13.6
  vs [NAT] Seelenfresser                (HP 1092, ATK 139): Winrate   0.0%  Tod 100.0%  Ø Runden 15.2
  vs [VET] Nachtklingen-Assassine (Veteran) (HP  116, ATK   3): Winrate  97.2%  Tod  0.0%  Ø Runden 36.6
  vs [VET] Klauenpanther (Veteran)      (HP  357, ATK  29): Winrate 100.0%  Tod  0.0%  Ø Runden 33.3
  vs [VET] Orc-Plünderer (Veteran)      (HP  420, ATK  40): Winrate  99.1%  Tod  0.9%  Ø Runden 33.4
  vs [VET] Nekromanten-Lehrling (Veteran) (HP  273, ATK  71): Winrate  91.6%  Tod  8.4%  Ø Runden 22.1
  vs [VET] Steinriese (Veteran)         (HP  966, ATK  41): Winrate  75.4%  Tod 24.6%  Ø Runden 56.5
  vs [VET] Orc-Kriegshäuptling (Veteran) (HP  964, ATK  54): Winrate  18.6%  Tod 78.6%  Ø Runden 68.2
  vs [VET] Blutmoor-Schrecken (Veteran) (HP 1092, ATK 172): Winrate   0.0%  Tod 100.0%  Ø Runden 14.2

=== Level 39 (T4-Gear, 7 Slots) ===
  HP=394 Mana=785 Schild=707 Angriff=69-84 Rüstung=129 Ausweichen=11
  vs [NAT] Untoter Legionär             (HP  420, ATK 116): Winrate  61.5%  Tod 38.5%  Ø Runden 26.1
  vs [NAT] Geisterklinge                (HP  231, ATK  93): Winrate  21.5%  Tod 78.5%  Ø Runden 50.4
  vs [NAT] Verfluchter Magier           (HP  273, ATK  58): Winrate 100.0%  Tod  0.0%  Ø Runden 19.1
  vs [NAT] Schattenluchs                (HP  357, ATK 145): Winrate  21.8%  Tod 78.2%  Ø Runden 17.9
  vs [NAT] Knochenkoloss                (HP  966, ATK 151): Winrate   0.0%  Tod 100.0%  Ø Runden 20.0
  vs [NAT] Grabmalwächter               (HP 1134, ATK 157): Winrate   0.1%  Tod 99.9%  Ø Runden 32.8
  vs [NAT] Seelenfresser                (HP 1092, ATK 139): Winrate   0.0%  Tod 100.0%  Ø Runden 41.9
  vs [VET] Nachtklingen-Assassine (Veteran) (HP  116, ATK   3): Winrate  97.6%  Tod  0.0%  Ø Runden 34.9
  vs [VET] Klauenpanther (Veteran)      (HP  357, ATK  29): Winrate 100.0%  Tod  0.0%  Ø Runden 30.0
  vs [VET] Orc-Plünderer (Veteran)      (HP  420, ATK  40): Winrate 100.0%  Tod  0.0%  Ø Runden 29.5
  vs [VET] Nekromanten-Lehrling (Veteran) (HP  273, ATK  71): Winrate 100.0%  Tod  0.0%  Ø Runden 18.7
  vs [VET] Steinriese (Veteran)         (HP  966, ATK  41): Winrate  99.8%  Tod  0.0%  Ø Runden 52.5
  vs [VET] Orc-Kriegshäuptling (Veteran) (HP  964, ATK  54): Winrate  78.4%  Tod  0.0%  Ø Runden 81.5
  vs [VET] Blutmoor-Schrecken (Veteran) (HP 1092, ATK 172): Winrate   0.4%  Tod 99.6%  Ø Runden 39.1

=== Level 40 (Bracket-Ende, 195 Pkt, volles T4-Gear) ===
  HP=423 Mana=835 Schild=727 Angriff=74-89 Rüstung=177 Ausweichen=19
  vs [NAT] Untoter Legionär             (HP  420, ATK 116): Winrate 100.0%  Tod  0.0%  Ø Runden 17.9
  vs [NAT] Geisterklinge                (HP  231, ATK  93): Winrate  99.2%  Tod  0.0%  Ø Runden 34.5
  vs [NAT] Verfluchter Magier           (HP  273, ATK  58): Winrate 100.0%  Tod  0.0%  Ø Runden 12.2
  vs [NAT] Schattenluchs                (HP  357, ATK 145): Winrate  89.9%  Tod 10.1%  Ø Runden 16.5
  vs [NAT] Knochenkoloss                (HP  966, ATK 151): Winrate  44.5%  Tod 55.5%  Ø Runden 28.3
  vs [NAT] Grabmalwächter               (HP 1134, ATK 157): Winrate  54.9%  Tod 45.1%  Ø Runden 50.0
  vs [NAT] Seelenfresser                (HP 1092, ATK 139): Winrate  88.7%  Tod 10.4%  Ø Runden 60.8
  vs [VET] Nachtklingen-Assassine (Veteran) (HP  116, ATK   3): Winrate 100.0%  Tod  0.0%  Ø Runden 16.4
  vs [VET] Klauenpanther (Veteran)      (HP  357, ATK  29): Winrate 100.0%  Tod  0.0%  Ø Runden 17.4
  vs [VET] Orc-Plünderer (Veteran)      (HP  420, ATK  40): Winrate 100.0%  Tod  0.0%  Ø Runden 17.7
  vs [VET] Nekromanten-Lehrling (Veteran) (HP  273, ATK  71): Winrate 100.0%  Tod  0.0%  Ø Runden 11.9
  vs [VET] Steinriese (Veteran)         (HP  966, ATK  41): Winrate 100.0%  Tod  0.0%  Ø Runden 32.7
  vs [VET] Orc-Kriegshäuptling (Veteran) (HP  964, ATK  54): Winrate  99.9%  Tod  0.0%  Ø Runden 49.1
  vs [VET] Blutmoor-Schrecken (Veteran) (HP 1092, ATK 172): Winrate  73.1%  Tod 26.5%  Ø Runden 57.7

💾 Gespeichert unter: scripts\output\fight-tool-baseline-report-31-40.json
